<?xml version="1.0" encoding="utf-8"?><testsuites><testsuite name="pytest" errors="0" failures="0" skipped="0" tests="5" time="21.992" timestamp="2024-06-04T09:26:24.772983" hostname="OLI-OMEN"><testcase classname="bumpversion" name="FLAKE8" time="0.230" /><testcase classname="src.pyconverters_ocrmypdf.__init__" name="FLAKE8" time="0.102" /><testcase classname="src.pyconverters_ocrmypdf.ocrmypdf" name="FLAKE8" time="0.150" /><testcase classname="tests.test_ocrmypdf" name="FLAKE8" time="0.102" /><testcase classname="tests.test_ocrmypdf" name="test_ocrmypdf" time="19.647" /></testsuite></testsuites>