<?xml version="1.0" encoding="utf-8"?><testsuites><testsuite name="pytest" errors="0" failures="0" skipped="0" tests="8" time="20.009" timestamp="2024-06-05T11:39:19.985771" hostname="OLI-OMEN"><testcase classname="bumpversion" name="FLAKE8" time="0.051" /><testcase classname="src.pyconverters_grobid.__init__" name="FLAKE8" time="0.025" /><testcase classname="src.pyconverters_grobid.grobid" name="FLAKE8" time="0.105" /><testcase classname="tests.test_grobid" name="FLAKE8" time="0.066" /><testcase classname="tests.test_grobid" name="test_grobid_pdf" time="3.724" /><testcase classname="tests.test_grobid" name="test_grobid_pdf2" time="3.621" /><testcase classname="tests.test_grobid" name="test_grobid_list" time="9.559" /><testcase classname="tests.test_grobid" name="test_grobid_bilit" time="2.401" /></testsuite></testsuites>