<?xml version="1.0" encoding="utf-8"?><testsuites><testsuite name="pytest" errors="0" failures="1" skipped="4" tests="9" time="0.300" timestamp="2024-06-06T10:29:53.803977" hostname="OLI-OMEN"><testcase classname="bumpversion" name="FLAKE8" time="0.000"><skipped type="pytest.skip" message="file(s) previously passed FLAKE8 checks">/media/olivier/ssd1T/dev/kairntech/pyprocessors_escrim_reconciliation/.tox/report/lib/python3.8/site-packages/pytest_flake8.py:124: file(s) previously passed FLAKE8 checks</skipped></testcase><testcase classname="src.pyprocessors_escrim_reconciliation.__init__" name="FLAKE8" time="0.001"><skipped type="pytest.skip" message="file(s) previously passed FLAKE8 checks">/media/olivier/ssd1T/dev/kairntech/pyprocessors_escrim_reconciliation/.tox/report/lib/python3.8/site-packages/pytest_flake8.py:124: file(s) previously passed FLAKE8 checks</skipped></testcase><testcase classname="src.pyprocessors_escrim_reconciliation.escrim_reconciliation" name="FLAKE8" time="0.000"><skipped type="pytest.skip" message="file(s) previously passed FLAKE8 checks">/media/olivier/ssd1T/dev/kairntech/pyprocessors_escrim_reconciliation/.tox/report/lib/python3.8/site-packages/pytest_flake8.py:124: file(s) previously passed FLAKE8 checks</skipped></testcase><testcase classname="tests.__init__" name="FLAKE8" time="0.001"><skipped type="pytest.skip" message="file(s) previously passed FLAKE8 checks">/media/olivier/ssd1T/dev/kairntech/pyprocessors_escrim_reconciliation/.tox/report/lib/python3.8/site-packages/pytest_flake8.py:124: file(s) previously passed FLAKE8 checks</skipped></testcase><testcase classname="tests.test_escrim_reconciliation" name="FLAKE8" time="0.083"><failure message="/media/olivier/ssd1T/dev/kairntech/pyprocessors_escrim_reconciliation/tests/test_escrim_reconciliation.py:108:1: E302 expected 2 blank lines, found 1&#10;">/media/olivier/ssd1T/dev/kairntech/pyprocessors_escrim_reconciliation/tests/test_escrim_reconciliation.py:108:1: E302 expected 2 blank lines, found 1
</failure></testcase><testcase classname="tests.test_escrim_reconciliation" name="test_model" time="0.000" /><testcase classname="tests.test_escrim_reconciliation" name="test_escrim_fr" time="0.069" /><testcase classname="tests.test_escrim_reconciliation" name="test_SHERPA_XXX1" time="0.005" /><testcase classname="tests.test_escrim_reconciliation" name="test_SHERPA_XXX2" time="0.002" /></testsuite></testsuites>